<?xml version="1.0" encoding="UTF-8"?>
<!-- Generated by org.testng.reporters.JUnitXMLReporter -->
<testsuite ignored="1" hostname="LAPTOP-7VP4C16T" failures="0" tests="2" name="Test" time="21.96" errors="0" timestamp="2025-03-21T14:42:09 IST">
  <testcase classname="testCases.TC_001_AccountRegitrationTest" name="verifyRegistration" time="5.387"/>
  <testcase classname="testCases.TC002_LoginTest" name="verifyLogin" time="6.968"/>
  <testcase classname="testCases.TC003_LoginDDTestCases" name="verify_DDT" time="0.0">
    <ignored/>
  </testcase> <!-- verify_DDT -->
</testsuite> <!-- Test -->
