<?xml version="1.0" encoding="UTF-8"?>
<testng-results ignored="0" total="2" passed="2" failed="0" skipped="0">
  <reporter-output>
  </reporter-output>
  <suite started-at="2025-04-01T12:34:30 IST" name="Suite" finished-at="2025-04-01T12:34:50 IST" duration-ms="20826">
    <groups>
      <group name="Master">
        <method signature="TC002_LoginTest.verifyLogin()[pri:0, instance:testCases.TC002_LoginTest@5505ae1a]" name="verifyLogin" class="testCases.TC002_LoginTest"/>
        <method signature="TC_001_AccountRegitrationTest.verifyRegistration()[pri:0, instance:testCases.TC_001_AccountRegitrationTest@7efaad5a]" name="verifyRegistration" class="testCases.TC_001_AccountRegitrationTest"/>
      </group> <!-- Master -->
      <group name="Sanity">
        <method signature="TC002_LoginTest.verifyLogin()[pri:0, instance:testCases.TC002_LoginTest@5505ae1a]" name="verifyLogin" class="testCases.TC002_LoginTest"/>
      </group> <!-- Sanity -->
      <group name="Regression">
        <method signature="TC_001_AccountRegitrationTest.verifyRegistration()[pri:0, instance:testCases.TC_001_AccountRegitrationTest@7efaad5a]" name="verifyRegistration" class="testCases.TC_001_AccountRegitrationTest"/>
      </group> <!-- Regression -->
    </groups>
    <test started-at="2025-04-01T12:34:30 IST" name="Test" finished-at="2025-04-01T12:34:50 IST" duration-ms="20826">
      <class name="testCases.TC002_LoginTest">
        <test-method is-config="true" signature="setUp(java.lang.String,java.lang.String)[pri:0, instance:testCases.TC002_LoginTest@5505ae1a]" started-at="2025-04-01T12:34:39 IST" name="setUp" finished-at="2025-04-01T12:34:41 IST" duration-ms="2403" status="PASS">
          <params>
            <param index="0">
              <value>
                <![CDATA[windows]]>
              </value>
            </param>
            <param index="1">
              <value>
                <![CDATA[edge]]>
              </value>
            </param>
          </params>
          <reporter-output>
          </reporter-output>
        </test-method> <!-- setUp -->
        <test-method signature="verifyLogin()[pri:0, instance:testCases.TC002_LoginTest@5505ae1a]" started-at="2025-04-01T12:34:41 IST" name="verifyLogin" finished-at="2025-04-01T12:34:49 IST" duration-ms="7714" status="PASS">
          <reporter-output>
          </reporter-output>
        </test-method> <!-- verifyLogin -->
        <test-method is-config="true" signature="tearDown()[pri:0, instance:testCases.TC002_LoginTest@5505ae1a]" started-at="2025-04-01T12:34:49 IST" name="tearDown" finished-at="2025-04-01T12:34:50 IST" duration-ms="1318" status="PASS">
          <reporter-output>
          </reporter-output>
        </test-method> <!-- tearDown -->
      </class> <!-- testCases.TC002_LoginTest -->
      <class name="testCases.TC_001_AccountRegitrationTest">
        <test-method is-config="true" signature="setUp(java.lang.String,java.lang.String)[pri:0, instance:testCases.TC_001_AccountRegitrationTest@7efaad5a]" started-at="2025-04-01T12:34:30 IST" name="setUp" finished-at="2025-04-01T12:34:32 IST" duration-ms="2477" status="PASS">
          <params>
            <param index="0">
              <value>
                <![CDATA[windows]]>
              </value>
            </param>
            <param index="1">
              <value>
                <![CDATA[edge]]>
              </value>
            </param>
          </params>
          <reporter-output>
          </reporter-output>
        </test-method> <!-- setUp -->
        <test-method signature="verifyRegistration()[pri:0, instance:testCases.TC_001_AccountRegitrationTest@7efaad5a]" started-at="2025-04-01T12:34:32 IST" name="verifyRegistration" finished-at="2025-04-01T12:34:38 IST" duration-ms="5493" status="PASS">
          <reporter-output>
          </reporter-output>
        </test-method> <!-- verifyRegistration -->
        <test-method is-config="true" signature="tearDown()[pri:0, instance:testCases.TC_001_AccountRegitrationTest@7efaad5a]" started-at="2025-04-01T12:34:38 IST" name="tearDown" finished-at="2025-04-01T12:34:39 IST" duration-ms="1235" status="PASS">
          <reporter-output>
          </reporter-output>
        </test-method> <!-- tearDown -->
      </class> <!-- testCases.TC_001_AccountRegitrationTest -->
    </test> <!-- Test -->
  </suite> <!-- Suite -->
</testng-results>
