<?xml version="1.0" encoding="UTF-8"?>
<testng-results ignored="0" total="4" passed="4" failed="0" skipped="0">
  <reporter-output>
  </reporter-output>
  <suite started-at="2025-03-26T14:05:44 IST" name="Suite" finished-at="2025-03-26T14:06:29 IST" duration-ms="44427">
    <groups>
      <group name="Master">
        <method signature="TC002_LoginTest.verifyLogin()[pri:0, instance:testCases.TC002_LoginTest@4f071df8]" name="verifyLogin" class="testCases.TC002_LoginTest"/>
        <method signature="TC_001_AccountRegitrationTest.verifyRegistration()[pri:0, instance:testCases.TC_001_AccountRegitrationTest@44828f6b]" name="verifyRegistration" class="testCases.TC_001_AccountRegitrationTest"/>
        <method signature="TC002_LoginTest.verifyLogin()[pri:0, instance:testCases.TC002_LoginTest@71984c3]" name="verifyLogin" class="testCases.TC002_LoginTest"/>
        <method signature="TC_001_AccountRegitrationTest.verifyRegistration()[pri:0, instance:testCases.TC_001_AccountRegitrationTest@69637b10]" name="verifyRegistration" class="testCases.TC_001_AccountRegitrationTest"/>
      </group> <!-- Master -->
      <group name="Sanity">
        <method signature="TC002_LoginTest.verifyLogin()[pri:0, instance:testCases.TC002_LoginTest@4f071df8]" name="verifyLogin" class="testCases.TC002_LoginTest"/>
        <method signature="TC002_LoginTest.verifyLogin()[pri:0, instance:testCases.TC002_LoginTest@71984c3]" name="verifyLogin" class="testCases.TC002_LoginTest"/>
      </group> <!-- Sanity -->
      <group name="Regression">
        <method signature="TC_001_AccountRegitrationTest.verifyRegistration()[pri:0, instance:testCases.TC_001_AccountRegitrationTest@44828f6b]" name="verifyRegistration" class="testCases.TC_001_AccountRegitrationTest"/>
        <method signature="TC_001_AccountRegitrationTest.verifyRegistration()[pri:0, instance:testCases.TC_001_AccountRegitrationTest@69637b10]" name="verifyRegistration" class="testCases.TC_001_AccountRegitrationTest"/>
      </group> <!-- Regression -->
    </groups>
    <test started-at="2025-03-26T14:05:44 IST" name="Linux-chrome" finished-at="2025-03-26T14:06:03 IST" duration-ms="18811">
      <class name="testCases.TC002_LoginTest">
        <test-method is-config="true" signature="setUp(java.lang.String,java.lang.String)[pri:0, instance:testCases.TC002_LoginTest@4f071df8]" started-at="2025-03-26T14:05:54 IST" name="setUp" finished-at="2025-03-26T14:05:56 IST" duration-ms="1919" status="PASS">
          <params>
            <param index="0">
              <value>
                <![CDATA[Linux]]>
              </value>
            </param>
            <param index="1">
              <value>
                <![CDATA[chrome]]>
              </value>
            </param>
          </params>
          <reporter-output>
          </reporter-output>
        </test-method> <!-- setUp -->
        <test-method signature="verifyLogin()[pri:0, instance:testCases.TC002_LoginTest@4f071df8]" started-at="2025-03-26T14:05:56 IST" name="verifyLogin" finished-at="2025-03-26T14:06:03 IST" duration-ms="6829" status="PASS">
          <reporter-output>
          </reporter-output>
        </test-method> <!-- verifyLogin -->
        <test-method is-config="true" signature="tearDown()[pri:0, instance:testCases.TC002_LoginTest@4f071df8]" started-at="2025-03-26T14:06:03 IST" name="tearDown" finished-at="2025-03-26T14:06:03 IST" duration-ms="89" status="PASS">
          <reporter-output>
          </reporter-output>
        </test-method> <!-- tearDown -->
      </class> <!-- testCases.TC002_LoginTest -->
      <class name="testCases.TC_001_AccountRegitrationTest">
        <test-method is-config="true" signature="setUp(java.lang.String,java.lang.String)[pri:0, instance:testCases.TC_001_AccountRegitrationTest@44828f6b]" started-at="2025-03-26T14:05:45 IST" name="setUp" finished-at="2025-03-26T14:05:49 IST" duration-ms="4232" status="PASS">
          <params>
            <param index="0">
              <value>
                <![CDATA[Linux]]>
              </value>
            </param>
            <param index="1">
              <value>
                <![CDATA[chrome]]>
              </value>
            </param>
          </params>
          <reporter-output>
          </reporter-output>
        </test-method> <!-- setUp -->
        <test-method signature="verifyRegistration()[pri:0, instance:testCases.TC_001_AccountRegitrationTest@44828f6b]" started-at="2025-03-26T14:05:49 IST" name="verifyRegistration" finished-at="2025-03-26T14:05:54 IST" duration-ms="5378" status="PASS">
          <reporter-output>
          </reporter-output>
        </test-method> <!-- verifyRegistration -->
        <test-method is-config="true" signature="tearDown()[pri:0, instance:testCases.TC_001_AccountRegitrationTest@44828f6b]" started-at="2025-03-26T14:05:54 IST" name="tearDown" finished-at="2025-03-26T14:05:54 IST" duration-ms="95" status="PASS">
          <reporter-output>
          </reporter-output>
        </test-method> <!-- tearDown -->
      </class> <!-- testCases.TC_001_AccountRegitrationTest -->
    </test> <!-- Linux-chrome -->
    <test started-at="2025-03-26T14:06:04 IST" name="Linux-firefox" finished-at="2025-03-26T14:06:29 IST" duration-ms="24369">
      <class name="testCases.TC002_LoginTest">
        <test-method is-config="true" signature="setUp(java.lang.String,java.lang.String)[pri:0, instance:testCases.TC002_LoginTest@71984c3]" started-at="2025-03-26T14:06:17 IST" name="setUp" finished-at="2025-03-26T14:06:21 IST" duration-ms="3946" status="PASS">
          <params>
            <param index="0">
              <value>
                <![CDATA[Linux]]>
              </value>
            </param>
            <param index="1">
              <value>
                <![CDATA[firefox]]>
              </value>
            </param>
          </params>
          <reporter-output>
          </reporter-output>
        </test-method> <!-- setUp -->
        <test-method signature="verifyLogin()[pri:0, instance:testCases.TC002_LoginTest@71984c3]" started-at="2025-03-26T14:06:21 IST" name="verifyLogin" finished-at="2025-03-26T14:06:28 IST" duration-ms="7613" status="PASS">
          <reporter-output>
          </reporter-output>
        </test-method> <!-- verifyLogin -->
        <test-method is-config="true" signature="tearDown()[pri:0, instance:testCases.TC002_LoginTest@71984c3]" started-at="2025-03-26T14:06:28 IST" name="tearDown" finished-at="2025-03-26T14:06:29 IST" duration-ms="668" status="PASS">
          <reporter-output>
          </reporter-output>
        </test-method> <!-- tearDown -->
      </class> <!-- testCases.TC002_LoginTest -->
      <class name="testCases.TC_001_AccountRegitrationTest">
        <test-method is-config="true" signature="setUp(java.lang.String,java.lang.String)[pri:0, instance:testCases.TC_001_AccountRegitrationTest@69637b10]" started-at="2025-03-26T14:06:04 IST" name="setUp" finished-at="2025-03-26T14:06:10 IST" duration-ms="5280" status="PASS">
          <params>
            <param index="0">
              <value>
                <![CDATA[Linux]]>
              </value>
            </param>
            <param index="1">
              <value>
                <![CDATA[firefox]]>
              </value>
            </param>
          </params>
          <reporter-output>
          </reporter-output>
        </test-method> <!-- setUp -->
        <test-method signature="verifyRegistration()[pri:0, instance:testCases.TC_001_AccountRegitrationTest@69637b10]" started-at="2025-03-26T14:06:10 IST" name="verifyRegistration" finished-at="2025-03-26T14:06:16 IST" duration-ms="6182" status="PASS">
          <reporter-output>
          </reporter-output>
        </test-method> <!-- verifyRegistration -->
        <test-method is-config="true" signature="tearDown()[pri:0, instance:testCases.TC_001_AccountRegitrationTest@69637b10]" started-at="2025-03-26T14:06:16 IST" name="tearDown" finished-at="2025-03-26T14:06:17 IST" duration-ms="674" status="PASS">
          <reporter-output>
          </reporter-output>
        </test-method> <!-- tearDown -->
      </class> <!-- testCases.TC_001_AccountRegitrationTest -->
    </test> <!-- Linux-firefox -->
  </suite> <!-- Suite -->
</testng-results>
